[0m20:26:12.126994 [debug] [MainThread]: Sending event: {'category': 'dbt', 'action': 'invocation', 'label': 'start', 'context': [<snowplow_tracker.self_describing_json.SelfDescribingJson object at 0x113cb7040>, <snowplow_tracker.self_describing_json.SelfDescribingJson object at 0x115819220>, <snowplow_tracker.self_describing_json.SelfDescribingJson object at 0x115819550>]}


============================== 20:26:12.129031 | 1593fbf6-b691-422f-bd10-ba414cafd31f ==============================
[0m20:26:12.129031 [info ] [MainThread]: Running with dbt=1.10.5
[0m20:26:12.129326 [debug] [MainThread]: running dbt with arguments {'printer_width': '80', 'indirect_selection': 'eager', 'log_cache_events': 'False', 'write_json': 'True', 'partial_parse': 'True', 'cache_selected_only': 'False', 'profiles_dir': '/Users/ivan/.dbt', 'fail_fast': 'False', 'version_check': 'True', 'log_path': 'logs', 'warn_error': 'None', 'debug': 'False', 'use_colors': 'True', 'use_experimental_parser': 'False', 'no_print': 'None', 'quiet': 'False', 'empty': 'None', 'log_format': 'default', 'introspect': 'True', 'static_parser': 'True', 'invocation_command': 'dbt init stori_case', 'target_path': 'None', 'warn_error_options': 'WarnErrorOptionsV2(error=[], warn=[], silence=[])', 'send_anonymous_usage_stats': 'True'}
[0m20:26:12.133165 [info ] [MainThread]: Creating dbt configuration folder at /Users/ivan/.dbt
[0m20:26:12.133766 [debug] [MainThread]: Starter project path: /Users/ivan/Desktop/stori_case/env/lib/python3.9/site-packages/dbt/include/starter_project
[0m20:26:12.136033 [info ] [MainThread]: 
Your new dbt project "stori_case" was created!

For more information on how to configure the profiles.yml file,
please consult the dbt documentation here:

  https://docs.getdbt.com/docs/configure-your-profile

One more thing:

Need help? Don't hesitate to reach out to us via GitHub issues or on Slack:

  https://community.getdbt.com/

Happy modeling!

[0m20:26:12.136233 [info ] [MainThread]: Setting up your profile.
[0m20:26:30.172577 [info ] [MainThread]: Profile stori_case written to /Users/ivan/.dbt/profiles.yml using target's sample configuration. Once updated, you'll be able to start developing with dbt.
[0m20:26:30.182787 [debug] [MainThread]: Resource report: {"command_name": "init", "command_success": true, "command_wall_clock_time": 18.09148, "process_in_blocks": "0", "process_kernel_time": 0.108786, "process_mem_max_rss": "105709568", "process_out_blocks": "0", "process_user_time": 0.852899}
[0m20:26:30.183143 [debug] [MainThread]: Command `dbt init` succeeded at 20:26:30.183065 after 18.09 seconds
[0m20:26:30.183402 [debug] [MainThread]: Sending event: {'category': 'dbt', 'action': 'invocation', 'label': 'end', 'context': [<snowplow_tracker.self_describing_json.SelfDescribingJson object at 0x113cb7040>, <snowplow_tracker.self_describing_json.SelfDescribingJson object at 0x1147d0190>, <snowplow_tracker.self_describing_json.SelfDescribingJson object at 0x115819c40>]}
[0m20:26:30.183673 [debug] [MainThread]: Flushing usage events
[0m20:26:30.906056 [debug] [MainThread]: An error was encountered while trying to flush usage events
